Analysis & Synthesis report for Practica1
Thu Mar 19 13:21:11 2026
Quartus Prime Version 25.1std.0 Build 1129 10/21/2025 SC Lite Edition


---------------------
; Table of Contents ;
---------------------
  1. Legal Notice
  2. Analysis & Synthesis Summary
  3. Analysis & Synthesis Settings
  4. Parallel Compilation
  5. Analysis & Synthesis Source Files Read
  6. Analysis & Synthesis Resource Usage Summary
  7. Analysis & Synthesis Resource Utilization by Entity
  8. General Register Statistics
  9. Parameter Settings for User Entity Instance: divisor:inst
 10. Post-Synthesis Netlist Statistics for Top Partition
 11. Elapsed Time Per Partition
 12. Analysis & Synthesis Messages



----------------
; Legal Notice ;
----------------
Copyright (C) 2025  Altera Corporation. All rights reserved.
Your use of Altera Corporation's design tools, logic functions 
and other software and tools, and any partner logic 
functions, and any output files from any of the foregoing 
(including device programming or simulation files), and any 
associated documentation or information are expressly subject 
to the terms and conditions of the Altera Program License 
Subscription Agreement, the Altera Quartus Prime License Agreement,
the Altera IP License Agreement, or other applicable license
agreement, including, without limitation, that your use is for
the sole purpose of programming logic devices manufactured by
Altera and sold by Altera or its authorized distributors.  Please
refer to the Altera Software License Subscription Agreements 
on the Quartus Prime software download page.



+--------------------------------------------------------------------------------------+
; Analysis & Synthesis Summary                                                         ;
+------------------------------------+-------------------------------------------------+
; Analysis & Synthesis Status        ; Successful - Thu Mar 19 13:21:11 2026           ;
; Quartus Prime Version              ; 25.1std.0 Build 1129 10/21/2025 SC Lite Edition ;
; Revision Name                      ; Practica1                                       ;
; Top-level Entity Name              ; main                                            ;
; Family                             ; MAX 10                                          ;
; Total logic elements               ; 55                                              ;
;     Total combinational functions  ; 55                                              ;
;     Dedicated logic registers      ; 31                                              ;
; Total registers                    ; 31                                              ;
; Total pins                         ; 14                                              ;
; Total virtual pins                 ; 0                                               ;
; Total memory bits                  ; 0                                               ;
; Embedded Multiplier 9-bit elements ; 0                                               ;
; Total PLLs                         ; 0                                               ;
; UFM blocks                         ; 0                                               ;
; ADC blocks                         ; 0                                               ;
+------------------------------------+-------------------------------------------------+


+------------------------------------------------------------------------------------------------------------+
; Analysis & Synthesis Settings                                                                              ;
+------------------------------------------------------------------+--------------------+--------------------+
; Option                                                           ; Setting            ; Default Value      ;
+------------------------------------------------------------------+--------------------+--------------------+
; Device                                                           ; 10M50DAF484C7G     ;                    ;
; Top-level entity name                                            ; main               ; Practica1          ;
; Family name                                                      ; MAX 10             ; Cyclone V          ;
; Use smart compilation                                            ; Off                ; Off                ;
; Enable parallel Assembler and Timing Analyzer during compilation ; On                 ; On                 ;
; Enable compact report table                                      ; Off                ; Off                ;
; Restructure Multiplexers                                         ; Auto               ; Auto               ;
; Create Debugging Nodes for IP Cores                              ; Off                ; Off                ;
; Preserve fewer node names                                        ; On                 ; On                 ;
; Intel FPGA IP Evaluation Mode                                    ; Enable             ; Enable             ;
; Verilog Version                                                  ; Verilog_2001       ; Verilog_2001       ;
; VHDL Version                                                     ; VHDL_1993          ; VHDL_1993          ;
; State Machine Processing                                         ; Auto               ; Auto               ;
; Safe State Machine                                               ; Off                ; Off                ;
; Extract Verilog State Machines                                   ; On                 ; On                 ;
; Extract VHDL State Machines                                      ; On                 ; On                 ;
; Ignore Verilog initial constructs                                ; Off                ; Off                ;
; Iteration limit for constant Verilog loops                       ; 5000               ; 5000               ;
; Iteration limit for non-constant Verilog loops                   ; 250                ; 250                ;
; Add Pass-Through Logic to Inferred RAMs                          ; On                 ; On                 ;
; Infer RAMs from Raw Logic                                        ; On                 ; On                 ;
; Parallel Synthesis                                               ; On                 ; On                 ;
; DSP Block Balancing                                              ; Auto               ; Auto               ;
; NOT Gate Push-Back                                               ; On                 ; On                 ;
; Power-Up Don't Care                                              ; On                 ; On                 ;
; Remove Redundant Logic Cells                                     ; Off                ; Off                ;
; Remove Duplicate Registers                                       ; On                 ; On                 ;
; Ignore CARRY Buffers                                             ; Off                ; Off                ;
; Ignore CASCADE Buffers                                           ; Off                ; Off                ;
; Ignore GLOBAL Buffers                                            ; Off                ; Off                ;
; Ignore ROW GLOBAL Buffers                                        ; Off                ; Off                ;
; Ignore LCELL Buffers                                             ; Off                ; Off                ;
; Ignore SOFT Buffers                                              ; On                 ; On                 ;
; Limit AHDL Integers to 32 Bits                                   ; Off                ; Off                ;
; Optimization Technique                                           ; Balanced           ; Balanced           ;
; Carry Chain Length                                               ; 70                 ; 70                 ;
; Auto Carry Chains                                                ; On                 ; On                 ;
; Auto Open-Drain Pins                                             ; On                 ; On                 ;
; Perform WYSIWYG Primitive Resynthesis                            ; Off                ; Off                ;
; Auto ROM Replacement                                             ; On                 ; On                 ;
; Auto RAM Replacement                                             ; On                 ; On                 ;
; Auto DSP Block Replacement                                       ; On                 ; On                 ;
; Auto Shift Register Replacement                                  ; Auto               ; Auto               ;
; Allow Shift Register Merging across Hierarchies                  ; Auto               ; Auto               ;
; Auto Clock Enable Replacement                                    ; On                 ; On                 ;
; Strict RAM Replacement                                           ; Off                ; Off                ;
; Allow Synchronous Control Signals                                ; On                 ; On                 ;
; Force Use of Synchronous Clear Signals                           ; Off                ; Off                ;
; Auto RAM Block Balancing                                         ; On                 ; On                 ;
; Auto RAM to Logic Cell Conversion                                ; Off                ; Off                ;
; Auto Resource Sharing                                            ; Off                ; Off                ;
; Allow Any RAM Size For Recognition                               ; Off                ; Off                ;
; Allow Any ROM Size For Recognition                               ; Off                ; Off                ;
; Allow Any Shift Register Size For Recognition                    ; Off                ; Off                ;
; Use LogicLock Constraints during Resource Balancing              ; On                 ; On                 ;
; Ignore translate_off and synthesis_off directives                ; Off                ; Off                ;
; Timing-Driven Synthesis                                          ; On                 ; On                 ;
; Report Parameter Settings                                        ; On                 ; On                 ;
; Report Source Assignments                                        ; On                 ; On                 ;
; Report Connectivity Checks                                       ; On                 ; On                 ;
; Ignore Maximum Fan-Out Assignments                               ; Off                ; Off                ;
; Synchronization Register Chain Length                            ; 2                  ; 2                  ;
; Power Optimization During Synthesis                              ; Normal compilation ; Normal compilation ;
; HDL message level                                                ; Level2             ; Level2             ;
; Suppress Register Optimization Related Messages                  ; Off                ; Off                ;
; Number of Removed Registers Reported in Synthesis Report         ; 5000               ; 5000               ;
; Number of Swept Nodes Reported in Synthesis Report               ; 5000               ; 5000               ;
; Number of Inverted Registers Reported in Synthesis Report        ; 100                ; 100                ;
; Clock MUX Protection                                             ; On                 ; On                 ;
; Auto Gated Clock Conversion                                      ; Off                ; Off                ;
; Block Design Naming                                              ; Auto               ; Auto               ;
; SDC constraint protection                                        ; Off                ; Off                ;
; Synthesis Effort                                                 ; Auto               ; Auto               ;
; Shift Register Replacement - Allow Asynchronous Clear Signal     ; On                 ; On                 ;
; Pre-Mapping Resynthesis Optimization                             ; Off                ; Off                ;
; Analysis & Synthesis Message Level                               ; Medium             ; Medium             ;
; Disable Register Merging Across Hierarchies                      ; Auto               ; Auto               ;
; Resource Aware Inference For Block RAM                           ; On                 ; On                 ;
+------------------------------------------------------------------+--------------------+--------------------+


+------------------------------------------+
; Parallel Compilation                     ;
+----------------------------+-------------+
; Processors                 ; Number      ;
+----------------------------+-------------+
; Number detected on machine ; 8           ;
; Maximum allowed            ; 4           ;
;                            ;             ;
; Average used               ; 1.00        ;
; Maximum used               ; 4           ;
;                            ;             ;
; Usage by Processor         ; % Time Used ;
;     Processor 1            ; 100.0%      ;
;     Processor 2            ;   0.0%      ;
;     Processors 3-4         ;   0.0%      ;
+----------------------------+-------------+


+------------------------------------------------------------------------------------------------------------------------------------------------+
; Analysis & Synthesis Source Files Read                                                                                                         ;
+----------------------------------+-----------------+------------------------------------+--------------------------------------------+---------+
; File Name with User-Entered Path ; Used in Netlist ; File Type                          ; File Name with Absolute Path               ; Library ;
+----------------------------------+-----------------+------------------------------------+--------------------------------------------+---------+
; divisor.vhd                      ; yes             ; User VHDL File                     ; /home/lap/Downloads/Practica1/divisor.vhd  ;         ;
; main.bdf                         ; yes             ; User Block Diagram/Schematic File  ; /home/lap/Downloads/Practica1/main.bdf     ;         ;
; contador.vhd                     ; yes             ; User VHDL File                     ; /home/lap/Downloads/Practica1/contador.vhd ;         ;
; deco.vhd                         ; yes             ; User VHDL File                     ; /home/lap/Downloads/Practica1/deco.vhd     ;         ;
; COMP.vhd                         ; yes             ; User VHDL File                     ; /home/lap/Downloads/Practica1/COMP.vhd     ;         ;
+----------------------------------+-----------------+------------------------------------+--------------------------------------------+---------+


+---------------------------------------------------------+
; Analysis & Synthesis Resource Usage Summary             ;
+---------------------------------------------+-----------+
; Resource                                    ; Usage     ;
+---------------------------------------------+-----------+
; Estimated Total logic elements              ; 55        ;
;                                             ;           ;
; Total combinational functions               ; 55        ;
; Logic element usage by number of LUT inputs ;           ;
;     -- 4 input functions                    ; 18        ;
;     -- 3 input functions                    ; 2         ;
;     -- <=2 input functions                  ; 35        ;
;                                             ;           ;
; Logic elements by mode                      ;           ;
;     -- normal mode                          ; 31        ;
;     -- arithmetic mode                      ; 24        ;
;                                             ;           ;
; Total registers                             ; 31        ;
;     -- Dedicated logic registers            ; 31        ;
;     -- I/O registers                        ; 0         ;
;                                             ;           ;
; I/O pins                                    ; 14        ;
;                                             ;           ;
; Embedded Multiplier 9-bit elements          ; 0         ;
;                                             ;           ;
; Maximum fan-out node                        ; CLK~input ;
; Maximum fan-out                             ; 26        ;
; Total fan-out                               ; 234       ;
; Average fan-out                             ; 2.05      ;
+---------------------------------------------+-----------+


+-------------------------------------------------------------------------------------------------------------------------------------------------------------------------------------------------------------------------------------+
; Analysis & Synthesis Resource Utilization by Entity                                                                                                                                                                                 ;
+----------------------------+---------------------+---------------------------+-------------+------------+--------------+---------+-----------+------+--------------+------------+----------------------+-------------+--------------+
; Compilation Hierarchy Node ; Combinational ALUTs ; Dedicated Logic Registers ; Memory Bits ; UFM Blocks ; DSP Elements ; DSP 9x9 ; DSP 18x18 ; Pins ; Virtual Pins ; ADC blocks ; Full Hierarchy Name  ; Entity Name ; Library Name ;
+----------------------------+---------------------+---------------------------+-------------+------------+--------------+---------+-----------+------+--------------+------------+----------------------+-------------+--------------+
; |main                      ; 55 (0)              ; 31 (0)                    ; 0           ; 0          ; 0            ; 0       ; 0         ; 14   ; 0            ; 0          ; |main                ; main        ; work         ;
;    |COMP:inst5|            ; 2 (2)               ; 1 (1)                     ; 0           ; 0          ; 0            ; 0       ; 0         ; 0    ; 0            ; 0          ; |main|COMP:inst5     ; COMP        ; work         ;
;    |contador:inst1|        ; 4 (4)               ; 4 (4)                     ; 0           ; 0          ; 0            ; 0       ; 0         ; 0    ; 0            ; 0          ; |main|contador:inst1 ; contador    ; work         ;
;    |deco:inst6|            ; 7 (7)               ; 0 (0)                     ; 0           ; 0          ; 0            ; 0       ; 0         ; 0    ; 0            ; 0          ; |main|deco:inst6     ; deco        ; work         ;
;    |divisor:inst|          ; 42 (42)             ; 26 (26)                   ; 0           ; 0          ; 0            ; 0       ; 0         ; 0    ; 0            ; 0          ; |main|divisor:inst   ; divisor     ; work         ;
+----------------------------+---------------------+---------------------------+-------------+------------+--------------+---------+-----------+------+--------------+------------+----------------------+-------------+--------------+
Note: For table entries with two numbers listed, the numbers in parentheses indicate the number of resources of the given type used by the specific entity alone. The numbers listed outside of parentheses indicate the total resources of the given type used by the specific entity and all of its sub-entities in the hierarchy.


+------------------------------------------------------+
; General Register Statistics                          ;
+----------------------------------------------+-------+
; Statistic                                    ; Value ;
+----------------------------------------------+-------+
; Total registers                              ; 31    ;
; Number of registers using Synchronous Clear  ; 0     ;
; Number of registers using Synchronous Load   ; 0     ;
; Number of registers using Asynchronous Clear ; 4     ;
; Number of registers using Asynchronous Load  ; 0     ;
; Number of registers using Clock Enable       ; 0     ;
; Number of registers using Preset             ; 0     ;
+----------------------------------------------+-------+


+-----------------------------------------------------------+
; Parameter Settings for User Entity Instance: divisor:inst ;
+----------------+----------+-------------------------------+
; Parameter Name ; Value    ; Type                          ;
+----------------+----------+-------------------------------+
; frec           ; 24999999 ; Signed Integer                ;
+----------------+----------+-------------------------------+
Note: In order to hide this table in the UI and the text report file, please set the "Show Parameter Settings in Synthesis Report" option in "Analysis and Synthesis Settings -> More Settings" to "Off".


+-----------------------------------------------------+
; Post-Synthesis Netlist Statistics for Top Partition ;
+-----------------------+-----------------------------+
; Type                  ; Count                       ;
+-----------------------+-----------------------------+
; boundary_port         ; 14                          ;
; cycloneiii_ff         ; 31                          ;
;     CLR               ; 4                           ;
;     plain             ; 27                          ;
; cycloneiii_lcell_comb ; 57                          ;
;     arith             ; 24                          ;
;         2 data inputs ; 24                          ;
;     normal            ; 33                          ;
;         0 data inputs ; 1                           ;
;         1 data inputs ; 3                           ;
;         2 data inputs ; 9                           ;
;         3 data inputs ; 2                           ;
;         4 data inputs ; 18                          ;
;                       ;                             ;
; Max LUT depth         ; 4.30                        ;
; Average LUT depth     ; 3.03                        ;
+-----------------------+-----------------------------+


+-------------------------------+
; Elapsed Time Per Partition    ;
+----------------+--------------+
; Partition Name ; Elapsed Time ;
+----------------+--------------+
; Top            ; 00:00:01     ;
+----------------+--------------+


+-------------------------------+
; Analysis & Synthesis Messages ;
+-------------------------------+
Info: *******************************************************************
Info: Running Quartus Prime Analysis & Synthesis
    Info: Version 25.1std.0 Build 1129 10/21/2025 SC Lite Edition
    Info: Processing started: Thu Mar 19 13:21:01 2026
Info: Command: quartus_map --read_settings_files=on --write_settings_files=off Practica1 -c Practica1
Warning (18236): Number of processors has not been specified which may cause overloading on shared machines.  Set the global assignment NUM_PARALLEL_PROCESSORS in your QSF to an appropriate value for best performance.
Info (20030): Parallel compilation is enabled and will use 4 of the 4 processors detected
Info (12021): Found 2 design units, including 1 entities, in source file divisor.vhd
    Info (12022): Found design unit 1: divisor-BEAS File: /home/lap/Downloads/Practica1/divisor.vhd Line: 10
    Info (12023): Found entity 1: divisor File: /home/lap/Downloads/Practica1/divisor.vhd Line: 4
Info (12021): Found 1 design units, including 1 entities, in source file main.bdf
    Info (12023): Found entity 1: main
Info (12021): Found 2 design units, including 1 entities, in source file contador.vhd
    Info (12022): Found design unit 1: contador-BEAS File: /home/lap/Downloads/Practica1/contador.vhd Line: 11
    Info (12023): Found entity 1: contador File: /home/lap/Downloads/Practica1/contador.vhd Line: 6
Info (12021): Found 2 design units, including 1 entities, in source file deco.vhd
    Info (12022): Found design unit 1: deco-BEAS File: /home/lap/Downloads/Practica1/deco.vhd Line: 9
    Info (12023): Found entity 1: deco File: /home/lap/Downloads/Practica1/deco.vhd Line: 4
Info (12021): Found 2 design units, including 1 entities, in source file deco_1.vhd
    Info (12022): Found design unit 1: deco_1-BEAS File: /home/lap/Downloads/Practica1/deco_1.vhd Line: 9
    Info (12023): Found entity 1: deco_1 File: /home/lap/Downloads/Practica1/deco_1.vhd Line: 4
Info (12021): Found 2 design units, including 1 entities, in source file deco_2.vhd
    Info (12022): Found design unit 1: deco_2-BEAS File: /home/lap/Downloads/Practica1/deco_2.vhd Line: 9
    Info (12023): Found entity 1: deco_2 File: /home/lap/Downloads/Practica1/deco_2.vhd Line: 4
Info (12021): Found 2 design units, including 1 entities, in source file contador_out_carry.vhd
    Info (12022): Found design unit 1: contador_out_carry-BEAS File: /home/lap/Downloads/Practica1/contador_out_carry.vhd Line: 11
    Info (12023): Found entity 1: contador_out_carry File: /home/lap/Downloads/Practica1/contador_out_carry.vhd Line: 4
Info (12021): Found 2 design units, including 1 entities, in source file sipo.vhd
    Info (12022): Found design unit 1: sipo-BEAS File: /home/lap/Downloads/Practica1/sipo.vhd Line: 12
    Info (12023): Found entity 1: sipo File: /home/lap/Downloads/Practica1/sipo.vhd Line: 4
Info (12021): Found 2 design units, including 1 entities, in source file mux_roms.vhd
    Info (12022): Found design unit 1: mux_roms-BEAS File: /home/lap/Downloads/Practica1/mux_roms.vhd Line: 13
    Info (12023): Found entity 1: mux_roms File: /home/lap/Downloads/Practica1/mux_roms.vhd Line: 4
Info (12021): Found 2 design units, including 1 entities, in source file COMP.vhd
    Info (12022): Found design unit 1: COMP-BEAS File: /home/lap/Downloads/Practica1/COMP.vhd Line: 13
    Info (12023): Found entity 1: COMP File: /home/lap/Downloads/Practica1/COMP.vhd Line: 6
Info (12127): Elaborating entity "main" for the top level hierarchy
Info (12128): Elaborating entity "COMP" for hierarchy "COMP:inst5"
Info (12128): Elaborating entity "divisor" for hierarchy "divisor:inst"
Info (12128): Elaborating entity "contador" for hierarchy "contador:inst1"
Info (12128): Elaborating entity "deco" for hierarchy "deco:inst6"
Warning (13024): Output pins are stuck at VCC or GND
    Warning (13410): Pin "SEG[7]" is stuck at VCC
Info (286030): Timing-Driven Synthesis is running
Info (16010): Generating hard_block partition "hard_block:auto_generated_inst"
    Info (16011): Adding 0 node(s), including 0 DDIO, 0 PLL, 0 transceiver and 0 LCELL
Info (21057): Implemented 69 device resources after synthesis - the final resource count might be different
    Info (21058): Implemented 5 input pins
    Info (21059): Implemented 9 output pins
    Info (21061): Implemented 55 logic cells
Info: Quartus Prime Analysis & Synthesis was successful. 0 errors, 3 warnings
    Info: Peak virtual memory: 439 megabytes
    Info: Processing ended: Thu Mar 19 13:21:11 2026
    Info: Elapsed time: 00:00:10
    Info: Total CPU time (on all processors): 00:00:25


